#
# There is insufficient memory for the Java Runtime Environment to continue.
# Native memory allocation (malloc) failed to allocate 606512 bytes for Chunk::new
# Possible reasons:
#   The system is out of physical RAM or swap space
#   The process is running with CompressedOops enabled, and the Java Heap may be blocking the growth of the native heap
# Possible solutions:
#   Reduce memory load on the system
#   Increase physical memory or swap space
#   Check if swap backing store is full
#   Decrease Java heap size (-Xmx/-Xms)
#   Decrease number of Java threads
#   Decrease Java thread stack sizes (-Xss)
#   Set larger code cache with -XX:ReservedCodeCacheSize=
#   JVM is running with Zero Based Compressed Oops mode in which the Java heap is
#     placed in the first 32GB address space. The Java Heap base address is the
#     maximum limit for the native heap growth. Please use -XX:HeapBaseMinAddress
#     to set the Java Heap base and to place the Java Heap above 32GB virtual address.
# This output file may be truncated or incomplete.
#
#  Out of Memory Error (arena.cpp:191), pid=17948, tid=2228
#
# JRE version: OpenJDK Runtime Environment Microsoft-8902769 (17.0.10+7) (build 17.0.10+7-LTS)
# Java VM: OpenJDK 64-Bit Server VM Microsoft-8902769 (17.0.10+7-LTS, mixed mode, sharing, tiered, compressed oops, compressed class ptrs, g1 gc, windows-amd64)
# No core dump will be written. Minidumps are not enabled by default on client versions of Windows
#

---------------  S U M M A R Y ------------

Command Line: org.jetbrains.kotlin.cli.jvm.K2JVMCompiler @C:\neel\WEB DEV\Web Dev Projects\React Native\rn-cli\newapp\node_modules\react-native-screens\android\build\20240204_16440642389076854651.compiler.options

Host: Intel(R) Core(TM) i7-1065G7 CPU @ 1.30GHz, 8 cores, 15G,  Windows 11 , 64 bit Build 22621 (10.0.22621.2506)
Time: Sun Feb  4 11:29:18 2024 India Standard Time elapsed time: 23.288944 seconds (0d 0h 0m 23s)

---------------  T H R E A D  ---------------

Current thread (0x00000134d7f3d500):  JavaThread "C2 CompilerThread2" daemon [_thread_in_native, id=2228, stack(0x0000002abd700000,0x0000002abd800000)]


Current CompileTask:
C2:  23289 8094       4       org.jetbrains.kotlin.resolve.OverridingUtil::createAndBindFakeOverrides (119 bytes)

Stack: [0x0000002abd700000,0x0000002abd800000]
Native frames: (J=compiled Java code, j=interpreted, Vv=VM code, C=native code)
V  [jvm.dll+0x67f829]
V  [jvm.dll+0x83750a]
V  [jvm.dll+0x838fce]
V  [jvm.dll+0x839633]
V  [jvm.dll+0x247cbf]
V  [jvm.dll+0xac524]
V  [jvm.dll+0xacb6c]
V  [jvm.dll+0x368cf7]
V  [jvm.dll+0x1bce56]
V  [jvm.dll+0x21a559]
V  [jvm.dll+0x219821]
V  [jvm.dll+0x1a5176]
V  [jvm.dll+0x22957e]
V  [jvm.dll+0x22774c]
V  [jvm.dll+0x7ec5d7]
V  [jvm.dll+0x7e69da]
V  [jvm.dll+0x67e715]
C  [ucrtbase.dll+0x29363]
C  [KERNEL32.DLL+0x1257d]
C  [ntdll.dll+0x5aa58]


---------------  P R O C E S S  ---------------

Threads class SMR info:
_java_thread_list=0x00000134d6e06aa0, length=14, elements={
0x00000134ec381690, 0x000001348f1f0e70, 0x000001348f1f1a30, 0x000001348f31ca10,
0x000001348f31f7e0, 0x000001348f3221b0, 0x000001348f322b70, 0x000001348f323910,
0x000001348f38dce0, 0x000001348f38e9a0, 0x000001348f4534d0, 0x000001348f459460,
0x00000134d7f3ff80, 0x00000134d7f3d500
}

Java Threads: ( => current thread )
  0x00000134ec381690 JavaThread "main" [_thread_in_Java, id=15476, stack(0x0000002abb900000,0x0000002abba00000)]
  0x000001348f1f0e70 JavaThread "Reference Handler" daemon [_thread_blocked, id=18144, stack(0x0000002abc100000,0x0000002abc200000)]
  0x000001348f1f1a30 JavaThread "Finalizer" daemon [_thread_blocked, id=17496, stack(0x0000002abc200000,0x0000002abc300000)]
  0x000001348f31ca10 JavaThread "Signal Dispatcher" daemon [_thread_blocked, id=7280, stack(0x0000002abc300000,0x0000002abc400000)]
  0x000001348f31f7e0 JavaThread "Attach Listener" daemon [_thread_blocked, id=17980, stack(0x0000002abc400000,0x0000002abc500000)]
  0x000001348f3221b0 JavaThread "Service Thread" daemon [_thread_blocked, id=11780, stack(0x0000002abc500000,0x0000002abc600000)]
  0x000001348f322b70 JavaThread "Monitor Deflation Thread" daemon [_thread_blocked, id=6752, stack(0x0000002abc600000,0x0000002abc700000)]
  0x000001348f323910 JavaThread "C2 CompilerThread0" daemon [_thread_in_vm, id=18116, stack(0x0000002abc700000,0x0000002abc800000)]
  0x000001348f38dce0 JavaThread "C1 CompilerThread0" daemon [_thread_blocked, id=18316, stack(0x0000002abc800000,0x0000002abc900000)]
  0x000001348f38e9a0 JavaThread "Sweeper thread" daemon [_thread_blocked, id=3256, stack(0x0000002abc900000,0x0000002abca00000)]
  0x000001348f4534d0 JavaThread "Notification Thread" daemon [_thread_blocked, id=17576, stack(0x0000002abca00000,0x0000002abcb00000)]
  0x000001348f459460 JavaThread "Common-Cleaner" daemon [_thread_blocked, id=12972, stack(0x0000002abcc00000,0x0000002abcd00000)]
  0x00000134d7f3ff80 JavaThread "C2 CompilerThread1" daemon [_thread_in_native, id=7484, stack(0x0000002abd600000,0x0000002abd700000)]
=>0x00000134d7f3d500 JavaThread "C2 CompilerThread2" daemon [_thread_in_native, id=2228, stack(0x0000002abd700000,0x0000002abd800000)]

Other Threads:
  0x000001348f1ec820 VMThread "VM Thread" [stack: 0x0000002abc000000,0x0000002abc100000] [id=17164]
  0x000001348f4539b0 WatcherThread [stack: 0x0000002abcb00000,0x0000002abcc00000] [id=11252]
  0x00000134ec3edcc0 GCTaskThread "GC Thread#0" [stack: 0x0000002abbb00000,0x0000002abbc00000] [id=11104]
  0x000001348f86a460 GCTaskThread "GC Thread#1" [stack: 0x0000002abcd00000,0x0000002abce00000] [id=14572]
  0x000001348f8632d0 GCTaskThread "GC Thread#2" [stack: 0x0000002abce00000,0x0000002abcf00000] [id=11188]
  0x000001348f863590 GCTaskThread "GC Thread#3" [stack: 0x0000002abcf00000,0x0000002abd000000] [id=11928]
  0x000001348f863850 GCTaskThread "GC Thread#4" [stack: 0x0000002abd000000,0x0000002abd100000] [id=10388]
  0x000001348f863b10 GCTaskThread "GC Thread#5" [stack: 0x0000002abd100000,0x0000002abd200000] [id=18224]
  0x000001348fddfdd0 GCTaskThread "GC Thread#6" [stack: 0x0000002abd200000,0x0000002abd300000] [id=12728]
  0x000001348fd57060 GCTaskThread "GC Thread#7" [stack: 0x0000002abd300000,0x0000002abd400000] [id=8920]
  0x00000134ec3fe810 ConcurrentGCThread "G1 Main Marker" [stack: 0x0000002abbc00000,0x0000002abbd00000] [id=9112]
  0x00000134ec400240 ConcurrentGCThread "G1 Conc#0" [stack: 0x0000002abbd00000,0x0000002abbe00000] [id=17828]
  0x00000134d6466160 ConcurrentGCThread "G1 Conc#1" [stack: 0x0000002abd500000,0x0000002abd600000] [id=5672]
  0x00000134ec42e890 ConcurrentGCThread "G1 Refine#0" [stack: 0x0000002abbe00000,0x0000002abbf00000] [id=16788]
  0x00000134d581bbd0 ConcurrentGCThread "G1 Refine#1" [stack: 0x0000002abd400000,0x0000002abd500000] [id=12356]
  0x00000134d823d800 ConcurrentGCThread "G1 Refine#2" [stack: 0x0000002abd800000,0x0000002abd900000] [id=15452]
  0x000001348f0a7500 ConcurrentGCThread "G1 Service" [stack: 0x0000002abbf00000,0x0000002abc000000] [id=17104]

Threads with active compile tasks:
C2 CompilerThread0    23315 8118       4       org.jetbrains.kotlin.load.java.lazy.descriptors.LazyJavaScope$declaredFunctions$1::invoke (9 bytes)
C2 CompilerThread1    23315 8106       4       org.jetbrains.kotlin.descriptors.impl.FunctionDescriptorImpl::doSubstitute (995 bytes)
C2 CompilerThread2    23315 8094       4       org.jetbrains.kotlin.resolve.OverridingUtil::createAndBindFakeOverrides (119 bytes)

VM state: not at safepoint (normal execution)

VM Mutex/Monitor currently owned by a thread: None

Heap address: 0x0000000704000000, size: 4032 MB, Compressed Oops mode: Zero based, Oop shift amount: 3

CDS archive(s) mapped at: [0x0000013490000000-0x0000013490bb0000-0x0000013490bb0000), size 12255232, SharedBaseAddress: 0x0000013490000000, ArchiveRelocationMode: 1.
Compressed class space mapped at: 0x0000013491000000-0x00000134d1000000, reserved size: 1073741824
Narrow klass base: 0x0000013490000000, Narrow klass shift: 0, Narrow klass range: 0x100000000

GC Precious Log:
 CPUs: 8 total, 8 available
 Memory: 16122M
 Large Page Support: Disabled
 NUMA Support: Disabled
 Compressed Oops: Enabled (Zero based)
 Heap Region Size: 2M
 Heap Min Capacity: 8M
 Heap Initial Capacity: 252M
 Heap Max Capacity: 4032M
 Pre-touch: Disabled
 Parallel Workers: 8
 Concurrent Workers: 2
 Concurrent Refinement Workers: 8
 Periodic GC: Disabled

Heap:
 garbage-first heap   total 110592K, used 72171K [0x0000000704000000, 0x0000000800000000)
  region size 2048K, 11 young (22528K), 3 survivors (6144K)
 Metaspace       used 52173K, committed 52544K, reserved 1114112K
  class space    used 6159K, committed 6336K, reserved 1048576K

Heap Regions: E=young(eden), S=young(survivor), O=old, HS=humongous(starts), HC=humongous(continues), CS=collection set, F=free, OA=open archive, CA=closed archive, TAMS=top-at-mark-start (previous, next)
|   0|0x0000000704000000, 0x0000000704200000, 0x0000000704200000|100%|HS|  |TAMS 0x0000000704200000, 0x0000000704000000| Complete 
|   1|0x0000000704200000, 0x0000000704400000, 0x0000000704400000|100%|HC|  |TAMS 0x0000000704400000, 0x0000000704200000| Complete 
|   2|0x0000000704400000, 0x0000000704600000, 0x0000000704600000|100%|HS|  |TAMS 0x0000000704400000, 0x0000000704400000| Complete 
|   3|0x0000000704600000, 0x0000000704800000, 0x0000000704800000|100%|HS|  |TAMS 0x0000000704800000, 0x0000000704600000| Complete 
|   4|0x0000000704800000, 0x0000000704a00000, 0x0000000704a00000|100%|HC|  |TAMS 0x0000000704a00000, 0x0000000704800000| Complete 
|   5|0x0000000704a00000, 0x0000000704c00000, 0x0000000704c00000|100%| O|  |TAMS 0x0000000704a00000, 0x0000000704a00000| Untracked 
|   6|0x0000000704c00000, 0x0000000704e00000, 0x0000000704e00000|100%| O|  |TAMS 0x0000000704e00000, 0x0000000704c00000| Untracked 
|   7|0x0000000704e00000, 0x0000000705000000, 0x0000000705000000|100%| O|  |TAMS 0x0000000705000000, 0x0000000704e00000| Untracked 
|   8|0x0000000705000000, 0x0000000705200000, 0x0000000705200000|100%| O|  |TAMS 0x0000000705200000, 0x0000000705000000| Untracked 
|   9|0x0000000705200000, 0x0000000705400000, 0x0000000705400000|100%| O|  |TAMS 0x0000000705400000, 0x0000000705200000| Untracked 
|  10|0x0000000705400000, 0x0000000705600000, 0x0000000705600000|100%| O|  |TAMS 0x0000000705600000, 0x0000000705400000| Untracked 
|  11|0x0000000705600000, 0x0000000705800000, 0x0000000705800000|100%| O|  |TAMS 0x0000000705800000, 0x0000000705600000| Untracked 
|  12|0x0000000705800000, 0x0000000705a00000, 0x0000000705a00000|100%| O|  |TAMS 0x0000000705800000, 0x0000000705800000| Untracked 
|  13|0x0000000705a00000, 0x0000000705c00000, 0x0000000705c00000|100%| O|  |TAMS 0x0000000705a00000, 0x0000000705a00000| Untracked 
|  14|0x0000000705c00000, 0x0000000705e00000, 0x0000000705e00000|100%| O|  |TAMS 0x0000000705c00000, 0x0000000705c00000| Untracked 
|  15|0x0000000705e00000, 0x0000000706000000, 0x0000000706000000|100%| O|  |TAMS 0x0000000706000000, 0x0000000705e00000| Untracked 
|  16|0x0000000706000000, 0x0000000706200000, 0x0000000706200000|100%| O|  |TAMS 0x0000000706000000, 0x0000000706000000| Untracked 
|  17|0x0000000706200000, 0x0000000706400000, 0x0000000706400000|100%| O|  |TAMS 0x0000000706200000, 0x0000000706200000| Untracked 
|  18|0x0000000706400000, 0x0000000706600000, 0x0000000706600000|100%| O|  |TAMS 0x0000000706400000, 0x0000000706400000| Untracked 
|  19|0x0000000706600000, 0x0000000706800000, 0x0000000706800000|100%| O|  |TAMS 0x0000000706600000, 0x0000000706600000| Untracked 
|  20|0x0000000706800000, 0x0000000706a00000, 0x0000000706a00000|100%| O|  |TAMS 0x0000000706800000, 0x0000000706800000| Untracked 
|  21|0x0000000706a00000, 0x0000000706c00000, 0x0000000706c00000|100%| O|  |TAMS 0x0000000706a00000, 0x0000000706a00000| Untracked 
|  22|0x0000000706c00000, 0x0000000706e00000, 0x0000000706e00000|100%| O|  |TAMS 0x0000000706c00000, 0x0000000706c00000| Untracked 
|  23|0x0000000706e00000, 0x0000000707000000, 0x0000000707000000|100%| O|  |TAMS 0x0000000706e00000, 0x0000000706e00000| Untracked 
|  24|0x0000000707000000, 0x0000000707200000, 0x0000000707200000|100%| O|  |TAMS 0x0000000707000000, 0x0000000707000000| Untracked 
|  25|0x0000000707200000, 0x000000070727ae00, 0x0000000707400000| 23%| O|  |TAMS 0x0000000707200000, 0x0000000707200000| Untracked 
|  26|0x0000000707400000, 0x0000000707400000, 0x0000000707600000|  0%| F|  |TAMS 0x0000000707400000, 0x0000000707400000| Untracked 
|  27|0x0000000707600000, 0x0000000707600000, 0x0000000707800000|  0%| F|  |TAMS 0x0000000707600000, 0x0000000707600000| Untracked 
|  28|0x0000000707800000, 0x0000000707800000, 0x0000000707a00000|  0%| F|  |TAMS 0x0000000707800000, 0x0000000707800000| Untracked 
|  29|0x0000000707a00000, 0x0000000707a00000, 0x0000000707c00000|  0%| F|  |TAMS 0x0000000707a00000, 0x0000000707a00000| Untracked 
|  30|0x0000000707c00000, 0x0000000707c00000, 0x0000000707e00000|  0%| F|  |TAMS 0x0000000707c00000, 0x0000000707c00000| Untracked 
|  31|0x0000000707e00000, 0x0000000707e00000, 0x0000000708000000|  0%| F|  |TAMS 0x0000000707e00000, 0x0000000707e00000| Untracked 
|  32|0x0000000708000000, 0x0000000708000000, 0x0000000708200000|  0%| F|  |TAMS 0x0000000708000000, 0x0000000708000000| Untracked 
|  33|0x0000000708200000, 0x0000000708400000, 0x0000000708400000|100%| S|CS|TAMS 0x0000000708200000, 0x0000000708200000| Complete 
|  34|0x0000000708400000, 0x0000000708400000, 0x0000000708600000|  0%| F|  |TAMS 0x0000000708400000, 0x0000000708400000| Untracked 
|  35|0x0000000708600000, 0x0000000708600000, 0x0000000708800000|  0%| F|  |TAMS 0x0000000708600000, 0x0000000708600000| Untracked 
|  36|0x0000000708800000, 0x0000000708a00000, 0x0000000708a00000|100%| S|CS|TAMS 0x0000000708800000, 0x0000000708800000| Complete 
|  37|0x0000000708a00000, 0x0000000708c00000, 0x0000000708c00000|100%| S|CS|TAMS 0x0000000708a00000, 0x0000000708a00000| Complete 
|  38|0x0000000708c00000, 0x0000000708c00000, 0x0000000708e00000|  0%| F|  |TAMS 0x0000000708c00000, 0x0000000708c00000| Untracked 
|  39|0x0000000708e00000, 0x0000000708e00000, 0x0000000709000000|  0%| F|  |TAMS 0x0000000708e00000, 0x0000000708e00000| Untracked 
|  40|0x0000000709000000, 0x0000000709000000, 0x0000000709200000|  0%| F|  |TAMS 0x0000000709000000, 0x0000000709000000| Untracked 
|  41|0x0000000709200000, 0x0000000709200000, 0x0000000709400000|  0%| F|  |TAMS 0x0000000709200000, 0x0000000709200000| Untracked 
|  42|0x0000000709400000, 0x0000000709400000, 0x0000000709600000|  0%| F|  |TAMS 0x0000000709400000, 0x0000000709400000| Untracked 
|  43|0x0000000709600000, 0x0000000709600000, 0x0000000709800000|  0%| F|  |TAMS 0x0000000709600000, 0x0000000709600000| Untracked 
|  44|0x0000000709800000, 0x0000000709800000, 0x0000000709a00000|  0%| F|  |TAMS 0x0000000709800000, 0x0000000709800000| Untracked 
|  45|0x0000000709a00000, 0x0000000709a00000, 0x0000000709c00000|  0%| F|  |TAMS 0x0000000709a00000, 0x0000000709a00000| Untracked 
|  46|0x0000000709c00000, 0x0000000709dadf10, 0x0000000709e00000| 83%| E|  |TAMS 0x0000000709c00000, 0x0000000709c00000| Complete 
|  47|0x0000000709e00000, 0x000000070a000000, 0x000000070a000000|100%| E|CS|TAMS 0x0000000709e00000, 0x0000000709e00000| Complete 
|  48|0x000000070a000000, 0x000000070a200000, 0x000000070a200000|100%| E|CS|TAMS 0x000000070a000000, 0x000000070a000000| Complete 
|  49|0x000000070a200000, 0x000000070a400000, 0x000000070a400000|100%| E|CS|TAMS 0x000000070a200000, 0x000000070a200000| Complete 
|  63|0x000000070be00000, 0x000000070c000000, 0x000000070c000000|100%| E|CS|TAMS 0x000000070be00000, 0x000000070be00000| Complete 
|  64|0x000000070c000000, 0x000000070c200000, 0x000000070c200000|100%| E|CS|TAMS 0x000000070c000000, 0x000000070c000000| Complete 
|  65|0x000000070c200000, 0x000000070c400000, 0x000000070c400000|100%| E|CS|TAMS 0x000000070c200000, 0x000000070c200000| Complete 
| 125|0x0000000713a00000, 0x0000000713c00000, 0x0000000713c00000|100%| E|CS|TAMS 0x0000000713a00000, 0x0000000713a00000| Complete 

Card table byte_map: [0x00000134f49a0000,0x00000134f5180000] _byte_map_base: 0x00000134f1180000

Marking Bits (Prev, Next): (CMBitMap*) 0x00000134ec3ee2e0, (CMBitMap*) 0x00000134ec3ee320
 Prev Bits: [0x00000134f5960000, 0x00000134f9860000)
 Next Bits: [0x00000134f9860000, 0x00000134fd760000)

Polling page: 0x00000134ebb30000

Metaspace:

Usage:
  Non-class:     44.94 MB used.
      Class:      6.02 MB used.
       Both:     50.95 MB used.

Virtual space:
  Non-class space:       64.00 MB reserved,      45.12 MB ( 71%) committed,  1 nodes.
      Class space:        1.00 GB reserved,       6.19 MB ( <1%) committed,  1 nodes.
             Both:        1.06 GB reserved,      51.31 MB (  5%) committed. 

Chunk freelists:
   Non-Class:  2.67 MB
       Class:  9.78 MB
        Both:  12.46 MB

MaxMetaspaceSize: unlimited
CompressedClassSpaceSize: 1.00 GB
Initial GC threshold: 21.00 MB
Current GC threshold: 59.00 MB
CDS: on
MetaspaceReclaimPolicy: balanced
 - commit_granule_bytes: 65536.
 - commit_granule_words: 8192.
 - virtual_space_node_default_size: 8388608.
 - enlarge_chunks_in_place: 1.
 - new_chunks_are_fully_committed: 0.
 - uncommit_free_chunks: 1.
 - use_allocation_guard: 0.
 - handle_deallocations: 1.


Internal statistics:

num_allocs_failed_limit: 6.
num_arena_births: 308.
num_arena_deaths: 0.
num_vsnodes_births: 2.
num_vsnodes_deaths: 0.
num_space_committed: 819.
num_space_uncommitted: 0.
num_chunks_returned_to_freelist: 6.
num_chunks_taken_from_freelist: 2179.
num_chunk_merges: 6.
num_chunk_splits: 1718.
num_chunks_enlarged: 1475.
num_inconsistent_stats: 0.

CodeHeap 'non-profiled nmethods': size=120000Kb used=4084Kb max_used=4084Kb free=115915Kb
 bounds [0x0000013487ad0000, 0x0000013487ed0000, 0x000001348f000000]
CodeHeap 'profiled nmethods': size=120000Kb used=18280Kb max_used=18280Kb free=101719Kb
 bounds [0x0000013480000000, 0x00000134811e0000, 0x0000013487530000]
CodeHeap 'non-nmethods': size=5760Kb used=1316Kb max_used=1427Kb free=4443Kb
 bounds [0x0000013487530000, 0x00000134877a0000, 0x0000013487ad0000]
 total_blobs=7879 nmethods=7260 adapters=530
 compilation: enabled
              stopped_count=0, restarted_count=0
 full_count=0

Compilation events (20 events):
Event: 23.092 Thread 0x00000134d7f3ff80 8101       4       kotlin.sequences.FilteringSequence::iterator (12 bytes)
Event: 23.095 Thread 0x00000134d7f3ff80 nmethod 8101 0x0000013487ec8010 code [0x0000013487ec81a0, 0x0000013487ec8398]
Event: 23.095 Thread 0x00000134d7f3ff80 8106       4       org.jetbrains.kotlin.descriptors.impl.FunctionDescriptorImpl::doSubstitute (995 bytes)
Event: 23.096 Thread 0x000001348f38dce0 8107       3       org.jetbrains.kotlin.cli.jvm.index.JvmDependenciesIndex::findClass$default (39 bytes)
Event: 23.097 Thread 0x000001348f38dce0 nmethod 8107 0x00000134811cf410 code [0x00000134811cf5e0, 0x00000134811cf998]
Event: 23.097 Thread 0x000001348f38dce0 8108       3       kotlin.text.StringsKt__StringsKt::contains (69 bytes)
Event: 23.098 Thread 0x000001348f38dce0 nmethod 8108 0x00000134811cfb10 code [0x00000134811cfde0, 0x00000134811d0d28]
Event: 23.102 Thread 0x000001348f38dce0 8109       3       org.jetbrains.org.objectweb.asm.ClassVisitor::visitSource (17 bytes)
Event: 23.102 Thread 0x000001348f38dce0 nmethod 8109 0x00000134811d1190 code [0x00000134811d1340, 0x00000134811d1548]
Event: 23.104 Thread 0x000001348f38dce0 8111       3       org.jetbrains.kotlin.types.checker.ClassicTypeSystemContext$DefaultImpls::getClassFqNameUnsafe (93 bytes)
Event: 23.107 Thread 0x000001348f38dce0 nmethod 8111 0x00000134811d1610 code [0x00000134811d1b00, 0x00000134811d3dc8]
Event: 23.108 Thread 0x000001348f38dce0 8112       3       org.jetbrains.kotlin.types.model.TypeSystemContextKt::convertVariance (67 bytes)
Event: 23.108 Thread 0x000001348f38dce0 nmethod 8112 0x00000134811d4910 code [0x00000134811d4b60, 0x00000134811d5328]
Event: 23.112 Thread 0x000001348f323910 nmethod 8098 0x0000013487ec8490 code [0x0000013487ec86e0, 0x0000013487ec9b28]
Event: 23.112 Thread 0x000001348f323910 8110       4       org.jetbrains.kotlin.load.java.structure.impl.classFiles.BinaryJavaMethod::<init> (51 bytes)
Event: 23.134 Thread 0x000001348f323910 nmethod 8110 0x0000013487eca990 code [0x0000013487ecab40, 0x0000013487ecb618]
Event: 23.134 Thread 0x000001348f323910 8100       4       org.jetbrains.kotlin.load.java.lazy.LazyJavaAnnotations::iterator (54 bytes)
Event: 23.152 Thread 0x000001348f323910 nmethod 8100 0x0000013487ecb910 code [0x0000013487ecbb20, 0x0000013487ecc448]
Event: 23.152 Thread 0x000001348f323910 8113       4       org.jetbrains.kotlin.types.checker.ClassicTypeSystemContext$DefaultImpls::isClassTypeConstructor (80 bytes)
Event: 23.154 Thread 0x000001348f323910 nmethod 8113 0x0000013487ecc990 code [0x0000013487eccb20, 0x0000013487eccc98]

GC Heap History (20 events):
Event: 6.845 GC heap before
{Heap before GC invocations=2 (full 0):
 garbage-first heap   total 258048K, used 38982K [0x0000000704000000, 0x0000000800000000)
  region size 2048K, 16 young (32768K), 3 survivors (6144K)
 Metaspace       used 21335K, committed 21504K, reserved 1114112K
  class space    used 2733K, committed 2816K, reserved 1048576K
}
Event: 6.854 GC heap after
{Heap after GC invocations=3 (full 0):
 garbage-first heap   total 258048K, used 16743K [0x0000000704000000, 0x0000000800000000)
  region size 2048K, 5 young (10240K), 5 survivors (10240K)
 Metaspace       used 21335K, committed 21504K, reserved 1114112K
  class space    used 2733K, committed 2816K, reserved 1048576K
}
Event: 8.810 GC heap before
{Heap before GC invocations=4 (full 0):
 garbage-first heap   total 75776K, used 51559K [0x0000000704000000, 0x0000000800000000)
  region size 2048K, 22 young (45056K), 5 survivors (10240K)
 Metaspace       used 26726K, committed 26944K, reserved 1114112K
  class space    used 3545K, committed 3648K, reserved 1048576K
}
Event: 8.858 GC heap after
{Heap after GC invocations=5 (full 0):
 garbage-first heap   total 75776K, used 24405K [0x0000000704000000, 0x0000000800000000)
  region size 2048K, 3 young (6144K), 3 survivors (6144K)
 Metaspace       used 26726K, committed 26944K, reserved 1114112K
  class space    used 3545K, committed 3648K, reserved 1048576K
}
Event: 8.904 GC heap before
{Heap before GC invocations=5 (full 0):
 garbage-first heap   total 75776K, used 26453K [0x0000000704000000, 0x0000000800000000)
  region size 2048K, 4 young (8192K), 3 survivors (6144K)
 Metaspace       used 26794K, committed 27008K, reserved 1114112K
  class space    used 3547K, committed 3648K, reserved 1048576K
}
Event: 8.927 GC heap after
{Heap after GC invocations=6 (full 0):
 garbage-first heap   total 75776K, used 26133K [0x0000000704000000, 0x0000000800000000)
  region size 2048K, 1 young (2048K), 1 survivors (2048K)
 Metaspace       used 26794K, committed 27008K, reserved 1114112K
  class space    used 3547K, committed 3648K, reserved 1048576K
}
Event: 9.926 GC heap before
{Heap before GC invocations=6 (full 0):
 garbage-first heap   total 75776K, used 52757K [0x0000000704000000, 0x0000000800000000)
  region size 2048K, 14 young (28672K), 1 survivors (2048K)
 Metaspace       used 32126K, committed 32320K, reserved 1114112K
  class space    used 4026K, committed 4096K, reserved 1048576K
}
Event: 9.938 GC heap after
{Heap after GC invocations=7 (full 0):
 garbage-first heap   total 151552K, used 26759K [0x0000000704000000, 0x0000000800000000)
  region size 2048K, 2 young (4096K), 2 survivors (4096K)
 Metaspace       used 32126K, committed 32320K, reserved 1114112K
  class space    used 4026K, committed 4096K, reserved 1048576K
}
Event: 10.668 GC heap before
{Heap before GC invocations=7 (full 0):
 garbage-first heap   total 151552K, used 41095K [0x0000000704000000, 0x0000000800000000)
  region size 2048K, 10 young (20480K), 2 survivors (4096K)
 Metaspace       used 35784K, committed 36096K, reserved 1114112K
  class space    used 4407K, committed 4544K, reserved 1048576K
}
Event: 10.678 GC heap after
{Heap after GC invocations=8 (full 0):
 garbage-first heap   total 151552K, used 28030K [0x0000000704000000, 0x0000000800000000)
  region size 2048K, 3 young (6144K), 3 survivors (6144K)
 Metaspace       used 35784K, committed 36096K, reserved 1114112K
  class space    used 4407K, committed 4544K, reserved 1048576K
}
Event: 13.325 GC heap before
{Heap before GC invocations=9 (full 0):
 garbage-first heap   total 110592K, used 89470K [0x0000000704000000, 0x0000000800000000)
  region size 2048K, 32 young (65536K), 3 survivors (6144K)
 Metaspace       used 42045K, committed 42304K, reserved 1114112K
  class space    used 5097K, committed 5184K, reserved 1048576K
}
Event: 13.361 GC heap after
{Heap after GC invocations=10 (full 0):
 garbage-first heap   total 110592K, used 38141K [0x0000000704000000, 0x0000000800000000)
  region size 2048K, 4 young (8192K), 4 survivors (8192K)
 Metaspace       used 42045K, committed 42304K, reserved 1114112K
  class space    used 5097K, committed 5184K, reserved 1048576K
}
Event: 13.382 GC heap before
{Heap before GC invocations=10 (full 0):
 garbage-first heap   total 110592K, used 40189K [0x0000000704000000, 0x0000000800000000)
  region size 2048K, 5 young (10240K), 4 survivors (8192K)
 Metaspace       used 42045K, committed 42304K, reserved 1114112K
  class space    used 5097K, committed 5184K, reserved 1048576K
}
Event: 13.403 GC heap after
{Heap after GC invocations=11 (full 0):
 garbage-first heap   total 110592K, used 39676K [0x0000000704000000, 0x0000000800000000)
  region size 2048K, 1 young (2048K), 1 survivors (2048K)
 Metaspace       used 42045K, committed 42304K, reserved 1114112K
  class space    used 5097K, committed 5184K, reserved 1048576K
}
Event: 15.846 GC heap before
{Heap before GC invocations=11 (full 0):
 garbage-first heap   total 110592K, used 76540K [0x0000000704000000, 0x0000000800000000)
  region size 2048K, 20 young (40960K), 1 survivors (2048K)
 Metaspace       used 47967K, committed 48192K, reserved 1114112K
  class space    used 5813K, committed 5888K, reserved 1048576K
}
Event: 15.870 GC heap after
{Heap after GC invocations=12 (full 0):
 garbage-first heap   total 110592K, used 44359K [0x0000000704000000, 0x0000000800000000)
  region size 2048K, 3 young (6144K), 3 survivors (6144K)
 Metaspace       used 47967K, committed 48192K, reserved 1114112K
  class space    used 5813K, committed 5888K, reserved 1048576K
}
Event: 20.208 GC heap before
{Heap before GC invocations=12 (full 0):
 garbage-first heap   total 110592K, used 81223K [0x0000000704000000, 0x0000000800000000)
  region size 2048K, 21 young (43008K), 3 survivors (6144K)
 Metaspace       used 51402K, committed 51776K, reserved 1114112K
  class space    used 6067K, committed 6272K, reserved 1048576K
}
Event: 20.245 GC heap after
{Heap after GC invocations=13 (full 0):
 garbage-first heap   total 110592K, used 51043K [0x0000000704000000, 0x0000000800000000)
  region size 2048K, 3 young (6144K), 3 survivors (6144K)
 Metaspace       used 51402K, committed 51776K, reserved 1114112K
  class space    used 6067K, committed 6272K, reserved 1048576K
}
Event: 21.809 GC heap before
{Heap before GC invocations=13 (full 0):
 garbage-first heap   total 110592K, used 83811K [0x0000000704000000, 0x0000000800000000)
  region size 2048K, 19 young (38912K), 3 survivors (6144K)
 Metaspace       used 51723K, committed 52032K, reserved 1114112K
  class space    used 6103K, committed 6272K, reserved 1048576K
}
Event: 21.849 GC heap after
{Heap after GC invocations=14 (full 0):
 garbage-first heap   total 110592K, used 57835K [0x0000000704000000, 0x0000000800000000)
  region size 2048K, 3 young (6144K), 3 survivors (6144K)
 Metaspace       used 51723K, committed 52032K, reserved 1114112K
  class space    used 6103K, committed 6272K, reserved 1048576K
}

Dll operation events (7 events):
Event: 0.023 Loaded shared library C:\Program Files\Microsoft\jdk-17.0.10.7-hotspot\bin\java.dll
Event: 0.095 Loaded shared library C:\Program Files\Microsoft\jdk-17.0.10.7-hotspot\bin\jsvml.dll
Event: 0.286 Loaded shared library C:\Program Files\Microsoft\jdk-17.0.10.7-hotspot\bin\net.dll
Event: 0.292 Loaded shared library C:\Program Files\Microsoft\jdk-17.0.10.7-hotspot\bin\nio.dll
Event: 0.420 Loaded shared library C:\Program Files\Microsoft\jdk-17.0.10.7-hotspot\bin\zip.dll
Event: 0.625 Loaded shared library C:\Program Files\Microsoft\jdk-17.0.10.7-hotspot\bin\jimage.dll
Event: 4.757 Loaded shared library C:\Program Files\Microsoft\jdk-17.0.10.7-hotspot\bin\verify.dll

Deoptimization events (20 events):
Event: 22.649 Thread 0x00000134ec381690 Uncommon trap: trap_request=0xffffffc6 fr.pc=0x0000013487e6b6ec relative=0x00000000000052ec
Event: 22.649 Thread 0x00000134ec381690 Uncommon trap: reason=bimorphic_or_optimized_type_check action=maybe_recompile pc=0x0000013487e6b6ec method=org.jetbrains.kotlin.resolve.OverridingUtil.determineModalityForFakeOverride(Ljava/util/Collection;Lorg/jetbrains/kotlin/descriptors/ClassDescripto
Event: 22.649 Thread 0x00000134ec381690 DEOPT PACKING pc=0x0000013487e6b6ec sp=0x0000002abb9fce10
Event: 22.649 Thread 0x00000134ec381690 DEOPT UNPACKING pc=0x000001348758a1a3 sp=0x0000002abb9fcd30 mode 2
Event: 22.653 Thread 0x00000134ec381690 Uncommon trap: trap_request=0xffffffc6 fr.pc=0x0000013487e6b6ec relative=0x00000000000052ec
Event: 22.653 Thread 0x00000134ec381690 Uncommon trap: reason=bimorphic_or_optimized_type_check action=maybe_recompile pc=0x0000013487e6b6ec method=org.jetbrains.kotlin.resolve.OverridingUtil.determineModalityForFakeOverride(Ljava/util/Collection;Lorg/jetbrains/kotlin/descriptors/ClassDescripto
Event: 22.653 Thread 0x00000134ec381690 DEOPT PACKING pc=0x0000013487e6b6ec sp=0x0000002abb9fce10
Event: 22.654 Thread 0x00000134ec381690 DEOPT UNPACKING pc=0x000001348758a1a3 sp=0x0000002abb9fcd30 mode 2
Event: 22.674 Thread 0x00000134ec381690 Uncommon trap: trap_request=0xffffffc6 fr.pc=0x0000013487e6b6ec relative=0x00000000000052ec
Event: 22.674 Thread 0x00000134ec381690 Uncommon trap: reason=bimorphic_or_optimized_type_check action=maybe_recompile pc=0x0000013487e6b6ec method=org.jetbrains.kotlin.resolve.OverridingUtil.determineModalityForFakeOverride(Ljava/util/Collection;Lorg/jetbrains/kotlin/descriptors/ClassDescripto
Event: 22.675 Thread 0x00000134ec381690 DEOPT PACKING pc=0x0000013487e6b6ec sp=0x0000002abb9fce10
Event: 22.675 Thread 0x00000134ec381690 DEOPT UNPACKING pc=0x000001348758a1a3 sp=0x0000002abb9fcd30 mode 2
Event: 22.692 Thread 0x00000134ec381690 Uncommon trap: trap_request=0xffffff45 fr.pc=0x0000013487d25500 relative=0x0000000000000b80
Event: 22.692 Thread 0x00000134ec381690 Uncommon trap: reason=unstable_if action=reinterpret pc=0x0000013487d25500 method=org.jetbrains.kotlin.metadata.ProtoBuf$Type.getSerializedSize()I @ 176 c2
Event: 22.692 Thread 0x00000134ec381690 DEOPT PACKING pc=0x0000013487d25500 sp=0x0000002abb9fc450
Event: 22.692 Thread 0x00000134ec381690 DEOPT UNPACKING pc=0x000001348758a1a3 sp=0x0000002abb9fc420 mode 2
Event: 22.692 Thread 0x00000134ec381690 Uncommon trap: trap_request=0xffffff45 fr.pc=0x0000013487d7d5c4 relative=0x00000000000017e4
Event: 22.692 Thread 0x00000134ec381690 Uncommon trap: reason=unstable_if action=reinterpret pc=0x0000013487d7d5c4 method=org.jetbrains.kotlin.metadata.ProtoBuf$Type.writeTo(Lorg/jetbrains/kotlin/protobuf/CodedOutputStream;)V @ 160 c2
Event: 22.692 Thread 0x00000134ec381690 DEOPT PACKING pc=0x0000013487d7d5c4 sp=0x0000002abb9fc4a0
Event: 22.692 Thread 0x00000134ec381690 DEOPT UNPACKING pc=0x000001348758a1a3 sp=0x0000002abb9fc488 mode 2

Classes unloaded (0 events):
No events

Classes redefined (0 events):
No events

Internal exceptions (20 events):
Event: 11.287 Thread 0x00000134ec381690 Exception <a 'java/lang/NoSuchMethodError'{0x000000070a166480}: 'java.lang.Object java.lang.invoke.Invokers$Holder.linkToTargetMethod(java.lang.Object, java.lang.Object, int, java.lang.Object)'> (0x000000070a166480) 
thrown [s\src\hotspot\share\interpreter\linkResolver.cpp, line 759]
Event: 11.837 Thread 0x00000134ec381690 Exception <a 'java/lang/NoSuchMethodError'{0x0000000709690800}: 'java.lang.Object java.lang.invoke.DirectMethodHandle$Holder.invokeInterface(java.lang.Object, java.lang.Object)'> (0x0000000709690800) 
thrown [s\src\hotspot\share\interpreter\linkResolver.cpp, line 759]
Event: 12.807 Thread 0x00000134ec381690 Exception <a 'java/lang/NoSuchMethodError'{0x0000000708297258}: 'java.lang.Object java.lang.invoke.DirectMethodHandle$Holder.newInvokeSpecial(java.lang.Object, java.lang.Object, java.lang.Object, java.lang.Object, java.lang.Object, java.lang.Object, java.lang.Object, java.lang.Object)'> (0x0000000708297258) 
thrown [s\src\hotspot\share\interpreter\linkResolver.cpp, line 759]
Event: 12.808 Thread 0x00000134ec381690 Exception <a 'java/lang/NoSuchMethodError'{0x000000070829c870}: 'java.lang.Object java.lang.invoke.DirectMethodHandle$Holder.invokeSpecial(java.lang.Object, java.lang.Object, java.lang.Object, java.lang.Object, java.lang.Object, java.lang.Object, java.lang.Object, java.lang.Object, java.lang.Object)'> (0x000000070829c870) 
thrown [s\src\hotspot\share\interpreter\linkResolver.cpp, line 759]
Event: 12.811 Thread 0x00000134ec381690 Exception <a 'java/lang/NoSuchMethodError'{0x00000007082a17a0}: 'java.lang.Object java.lang.invoke.Invokers$Holder.linkToTargetMethod(java.lang.Object, java.lang.Object, java.lang.Object, java.lang.Object, java.lang.Object, java.lang.Object, java.lang.Object, java.lang.Object)'> (0x00000007082a17a0) 
thrown [s\src\hotspot\share\interpreter\linkResolver.cpp, line 759]
Event: 15.134 Thread 0x00000134ec381690 Implicit null exception at 0x0000013487d5ad7b to 0x0000013487d62624
Event: 15.745 Thread 0x00000134ec381690 Exception <a 'java/lang/NoSuchMethodError'{0x0000000708494de8}: 'int java.lang.invoke.DirectMethodHandle$Holder.invokeVirtual(java.lang.Object, java.lang.Object, java.lang.Object)'> (0x0000000708494de8) 
thrown [s\src\hotspot\share\interpreter\linkResolver.cpp, line 759]
Event: 15.770 Thread 0x00000134ec381690 Exception <a 'java/lang/NoSuchMethodError'{0x00000007084ccdd8}: 'java.lang.Object java.lang.invoke.DirectMethodHandle$Holder.invokeStatic(java.lang.Object, java.lang.Object, java.lang.Object, java.lang.Object, int)'> (0x00000007084ccdd8) 
thrown [s\src\hotspot\share\interpreter\linkResolver.cpp, line 759]
Event: 15.772 Thread 0x00000134ec381690 Exception <a 'java/lang/NoSuchMethodError'{0x00000007084d6570}: 'java.lang.Object java.lang.invoke.DirectMethodHandle$Holder.newInvokeSpecial(java.lang.Object, java.lang.Object, java.lang.Object, java.lang.Object, int)'> (0x00000007084d6570) 
thrown [s\src\hotspot\share\interpreter\linkResolver.cpp, line 759]
Event: 15.775 Thread 0x00000134ec381690 Exception <a 'java/lang/NoSuchMethodError'{0x00000007084dab50}: 'java.lang.Object java.lang.invoke.DirectMethodHandle$Holder.invokeSpecial(java.lang.Object, java.lang.Object, java.lang.Object, java.lang.Object, java.lang.Object, int)'> (0x00000007084dab50) 
thrown [s\src\hotspot\share\interpreter\linkResolver.cpp, line 759]
Event: 15.775 Thread 0x00000134ec381690 Exception <a 'java/lang/NoSuchMethodError'{0x00000007084deae0}: 'java.lang.Object java.lang.invoke.Invokers$Holder.linkToTargetMethod(java.lang.Object, java.lang.Object, java.lang.Object, int, java.lang.Object)'> (0x00000007084deae0) 
thrown [s\src\hotspot\share\interpreter\linkResolver.cpp, line 759]
Event: 15.812 Thread 0x00000134ec381690 Exception <a 'java/lang/NoSuchMethodError'{0x000000070857fb48}: 'java.lang.Object java.lang.invoke.DirectMethodHandle$Holder.invokeStaticInit(java.lang.Object, java.lang.Object, java.lang.Object)'> (0x000000070857fb48) 
thrown [s\src\hotspot\share\interpreter\linkResolver.cpp, line 759]
Event: 16.031 Thread 0x00000134ec381690 Exception <a 'java/lang/NoSuchMethodError'{0x000000070c221de0}: 'void java.lang.invoke.DirectMethodHandle$Holder.invokeInterface(java.lang.Object, java.lang.Object)'> (0x000000070c221de0) 
thrown [s\src\hotspot\share\interpreter\linkResolver.cpp, line 759]
Event: 16.311 Thread 0x00000134ec381690 Implicit null exception at 0x0000013487d9cd55 to 0x0000013487d9cf40
Event: 19.075 Thread 0x00000134ec381690 Exception <a 'java/lang/NoSuchMethodError'{0x00000007096f7e10}: 'int java.lang.invoke.DirectMethodHandle$Holder.invokeInterface(java.lang.Object, java.lang.Object)'> (0x00000007096f7e10) 
thrown [s\src\hotspot\share\interpreter\linkResolver.cpp, line 759]
Event: 21.709 Thread 0x00000134ec381690 Exception <a 'java/lang/NoSuchMethodError'{0x0000000708cd36b8}: 'java.lang.Object java.lang.invoke.DirectMethodHandle$Holder.newInvokeSpecial(java.lang.Object, int, java.lang.Object)'> (0x0000000708cd36b8) 
thrown [s\src\hotspot\share\interpreter\linkResolver.cpp, line 759]
Event: 21.772 Thread 0x00000134ec381690 Exception <a 'java/lang/NoSuchMethodError'{0x0000000708d3efe0}: 'java.lang.Object java.lang.invoke.DirectMethodHandle$Holder.invokeStatic(java.lang.Object, int, java.lang.Object)'> (0x0000000708d3efe0) 
thrown [s\src\hotspot\share\interpreter\linkResolver.cpp, line 759]
Event: 22.032 Thread 0x00000134ec381690 Exception <a 'java/lang/NoSuchMethodError'{0x000000070c3445f8}: 'java.lang.Object java.lang.invoke.DirectMethodHandle$Holder.newInvokeSpecial(java.lang.Object, java.lang.Object, java.lang.Object, java.lang.Object, java.lang.Object, java.lang.Object)'> (0x000000070c3445f8) 
thrown [s\src\hotspot\share\interpreter\linkResolver.cpp, line 759]
Event: 22.083 Thread 0x00000134ec381690 Implicit null exception at 0x0000013487d5adbe to 0x0000013487d5b230
Event: 22.084 Thread 0x00000134ec381690 Implicit null exception at 0x0000013487c2a54c to 0x0000013487c2a634

VM Operations (20 events):
Event: 21.567 Executing VM operation: HandshakeAllThreads
Event: 21.567 Executing VM operation: HandshakeAllThreads done
Event: 21.579 Executing VM operation: ICBufferFull
Event: 21.580 Executing VM operation: ICBufferFull done
Event: 21.677 Executing VM operation: HandshakeAllThreads
Event: 21.677 Executing VM operation: HandshakeAllThreads done
Event: 21.695 Executing VM operation: HandshakeAllThreads
Event: 21.696 Executing VM operation: HandshakeAllThreads done
Event: 21.715 Executing VM operation: ICBufferFull
Event: 21.716 Executing VM operation: ICBufferFull done
Event: 21.774 Executing VM operation: HandshakeAllThreads
Event: 21.774 Executing VM operation: HandshakeAllThreads done
Event: 21.801 Executing VM operation: HandshakeAllThreads
Event: 21.802 Executing VM operation: HandshakeAllThreads done
Event: 21.809 Executing VM operation: G1CollectForAllocation
Event: 21.850 Executing VM operation: G1CollectForAllocation done
Event: 22.329 Executing VM operation: ICBufferFull
Event: 22.329 Executing VM operation: ICBufferFull done
Event: 22.681 Executing VM operation: ICBufferFull
Event: 22.681 Executing VM operation: ICBufferFull done

Events (20 events):
Event: 16.041 loading class java/util/stream/Node$OfDouble done
Event: 16.042 loading class java/util/stream/Nodes$EmptyNode$OfDouble done
Event: 16.042 loading class java/util/stream/Nodes$SpinedNodeBuilder
Event: 16.042 loading class java/util/stream/Node$Builder
Event: 16.042 loading class java/util/stream/Node$Builder done
Event: 16.042 loading class java/util/stream/SpinedBuffer
Event: 16.043 loading class java/util/stream/AbstractSpinedBuffer
Event: 16.043 loading class java/util/stream/AbstractSpinedBuffer done
Event: 16.043 loading class java/util/stream/SpinedBuffer done
Event: 16.043 loading class java/util/stream/Nodes$SpinedNodeBuilder done
Event: 16.282 loading class java/util/RegularEnumSet$EnumSetIterator
Event: 16.283 loading class java/util/RegularEnumSet$EnumSetIterator done
Event: 16.420 Thread 0x00000134d5e324d0 Thread exited: 0x00000134d5e324d0
Event: 16.924 Thread 0x00000134d5946a80 Thread added: 0x00000134d5946a80
Event: 19.001 Thread 0x00000134d5946a80 Thread exited: 0x00000134d5946a80
Event: 20.683 Thread 0x00000134d7f3ff80 Thread added: 0x00000134d7f3ff80
Event: 20.716 Thread 0x00000134d7f3d500 Thread added: 0x00000134d7f3d500
Event: 21.569 Thread 0x000001348f38e9a0 flushing nmethod 0x0000013487d9d590
Event: 21.570 Thread 0x000001348f38e9a0 flushing nmethod 0x000001348009a610
Event: 21.570 Thread 0x000001348f38e9a0 flushing nmethod 0x00000134800c3d90


Dynamic libraries:
0x00007ff689890000 - 0x00007ff68989e000 	C:\Program Files\Microsoft\jdk-17.0.10.7-hotspot\bin\java.exe
0x00007ffc95930000 - 0x00007ffc95b47000 	C:\WINDOWS\SYSTEM32\ntdll.dll
0x00007ffc93aa0000 - 0x00007ffc93b64000 	C:\WINDOWS\System32\KERNEL32.DLL
0x00007ffc92eb0000 - 0x00007ffc93256000 	C:\WINDOWS\System32\KERNELBASE.dll
0x00007ffc92d90000 - 0x00007ffc92ea1000 	C:\WINDOWS\System32\ucrtbase.dll
0x00007ffc5a3d0000 - 0x00007ffc5a3e7000 	C:\Program Files\Microsoft\jdk-17.0.10.7-hotspot\bin\jli.dll
0x00007ffc94290000 - 0x00007ffc9443e000 	C:\WINDOWS\System32\USER32.dll
0x00007ffc935d0000 - 0x00007ffc935f6000 	C:\WINDOWS\System32\win32u.dll
0x00007ffc93c80000 - 0x00007ffc93ca9000 	C:\WINDOWS\System32\GDI32.dll
0x00007ffc92c70000 - 0x00007ffc92d88000 	C:\WINDOWS\System32\gdi32full.dll
0x00007ffc93390000 - 0x00007ffc9342a000 	C:\WINDOWS\System32\msvcp_win.dll
0x00007ffc59df0000 - 0x00007ffc59e0b000 	C:\Program Files\Microsoft\jdk-17.0.10.7-hotspot\bin\VCRUNTIME140.dll
0x00007ffc7efe0000 - 0x00007ffc7f273000 	C:\WINDOWS\WinSxS\amd64_microsoft.windows.common-controls_6595b64144ccf1df_6.0.22621.2506_none_270c5ae97388e100\COMCTL32.dll
0x00007ffc93cb0000 - 0x00007ffc93d57000 	C:\WINDOWS\System32\msvcrt.dll
0x00007ffc945e0000 - 0x00007ffc94611000 	C:\WINDOWS\System32\IMM32.DLL
0x00007ffc65690000 - 0x00007ffc6569c000 	C:\Program Files\Microsoft\jdk-17.0.10.7-hotspot\bin\vcruntime140_1.dll
0x00007ffc27870000 - 0x00007ffc278fd000 	C:\Program Files\Microsoft\jdk-17.0.10.7-hotspot\bin\msvcp140.dll
0x00007ffbe8080000 - 0x00007ffbe8ce5000 	C:\Program Files\Microsoft\jdk-17.0.10.7-hotspot\bin\server\jvm.dll
0x00007ffc94c80000 - 0x00007ffc94d33000 	C:\WINDOWS\System32\ADVAPI32.dll
0x00007ffc93b70000 - 0x00007ffc93c18000 	C:\WINDOWS\System32\sechost.dll
0x00007ffc93430000 - 0x00007ffc93458000 	C:\WINDOWS\System32\bcrypt.dll
0x00007ffc94660000 - 0x00007ffc94777000 	C:\WINDOWS\System32\RPCRT4.dll
0x00007ffc92b40000 - 0x00007ffc92b8d000 	C:\WINDOWS\SYSTEM32\POWRPROF.dll
0x00007ffc65520000 - 0x00007ffc65529000 	C:\WINDOWS\SYSTEM32\WSOCK32.dll
0x00007ffc93680000 - 0x00007ffc936f1000 	C:\WINDOWS\System32\WS2_32.dll
0x00007ffc8b050000 - 0x00007ffc8b084000 	C:\WINDOWS\SYSTEM32\WINMM.dll
0x00007ffc864d0000 - 0x00007ffc864da000 	C:\WINDOWS\SYSTEM32\VERSION.dll
0x00007ffc92b20000 - 0x00007ffc92b33000 	C:\WINDOWS\SYSTEM32\UMPDC.dll
0x00007ffc91bc0000 - 0x00007ffc91bd8000 	C:\WINDOWS\SYSTEM32\kernel.appcore.dll
0x00007ffc5e290000 - 0x00007ffc5e29a000 	C:\Program Files\Microsoft\jdk-17.0.10.7-hotspot\bin\jimage.dll
0x00007ffc90650000 - 0x00007ffc90883000 	C:\WINDOWS\SYSTEM32\DBGHELP.DLL
0x00007ffc93700000 - 0x00007ffc93a89000 	C:\WINDOWS\System32\combase.dll
0x00007ffc94830000 - 0x00007ffc94907000 	C:\WINDOWS\System32\OLEAUT32.dll
0x00007ffc6e200000 - 0x00007ffc6e232000 	C:\WINDOWS\SYSTEM32\dbgcore.DLL
0x00007ffc93600000 - 0x00007ffc9367a000 	C:\WINDOWS\System32\bcryptPrimitives.dll
0x00007ffc418e0000 - 0x00007ffc41905000 	C:\Program Files\Microsoft\jdk-17.0.10.7-hotspot\bin\java.dll
0x00007ffc09e20000 - 0x00007ffc09ef7000 	C:\Program Files\Microsoft\jdk-17.0.10.7-hotspot\bin\jsvml.dll
0x00007ffc94d40000 - 0x00007ffc9559a000 	C:\WINDOWS\System32\SHELL32.dll
0x00007ffc90b70000 - 0x00007ffc91466000 	C:\WINDOWS\SYSTEM32\windows.storage.dll
0x00007ffc90a30000 - 0x00007ffc90b6e000 	C:\WINDOWS\SYSTEM32\wintypes.dll
0x00007ffc94b80000 - 0x00007ffc94c73000 	C:\WINDOWS\System32\SHCORE.dll
0x00007ffc93c20000 - 0x00007ffc93c7e000 	C:\WINDOWS\System32\shlwapi.dll
0x00007ffc92ba0000 - 0x00007ffc92bc6000 	C:\WINDOWS\SYSTEM32\profapi.dll
0x00007ffc44280000 - 0x00007ffc44299000 	C:\Program Files\Microsoft\jdk-17.0.10.7-hotspot\bin\net.dll
0x00007ffc8bb10000 - 0x00007ffc8bc47000 	C:\WINDOWS\SYSTEM32\WINHTTP.dll
0x00007ffc920e0000 - 0x00007ffc92149000 	C:\WINDOWS\system32\mswsock.dll
0x00007ffc3e190000 - 0x00007ffc3e1a6000 	C:\Program Files\Microsoft\jdk-17.0.10.7-hotspot\bin\nio.dll
0x00007ffc277b0000 - 0x00007ffc277c8000 	C:\Program Files\Microsoft\jdk-17.0.10.7-hotspot\bin\zip.dll
0x00007ffc5a8b0000 - 0x00007ffc5a8c0000 	C:\Program Files\Microsoft\jdk-17.0.10.7-hotspot\bin\verify.dll

dbghelp: loaded successfully - version: 4.0.5 - missing functions: none
symbol engine: initialized successfully - sym options: 0x614 - pdb path: .;C:\Program Files\Microsoft\jdk-17.0.10.7-hotspot\bin;C:\WINDOWS\SYSTEM32;C:\WINDOWS\WinSxS\amd64_microsoft.windows.common-controls_6595b64144ccf1df_6.0.22621.2506_none_270c5ae97388e100;C:\Program Files\Microsoft\jdk-17.0.10.7-hotspot\bin\server

VM Arguments:
java_command: org.jetbrains.kotlin.cli.jvm.K2JVMCompiler @C:\neel\WEB DEV\Web Dev Projects\React Native\rn-cli\newapp\node_modules\react-native-screens\android\build\20240204_16440642389076854651.compiler.options
java_class_path (initial): C:\Users\debso\.gradle\caches\modules-2\files-2.1\org.jetbrains.kotlin\kotlin-compiler-embeddable\1.8.0\eb9118d4bcceaa2a94b2ae2a33a4ddba7c9a947f\kotlin-compiler-embeddable-1.8.0.jar;C:\Users\debso\.gradle\caches\modules-2\files-2.1\org.jetbrains.kotlin\kotlin-stdlib\1.8.0\1796921c7a3e2e2665a83e6c8d33399336cd39bc\kotlin-stdlib-1.8.0.jar;C:\Users\debso\.gradle\caches\modules-2\files-2.1\org.jetbrains.kotlin\kotlin-script-runtime\1.8.0\b2f7e760d283cb339974851c222a4c1d48f2d3d\kotlin-script-runtime-1.8.0.jar;C:\Users\debso\.gradle\caches\modules-2\files-2.1\org.jetbrains.kotlin\kotlin-reflect\1.6.10\1cbe9c92c12a94eea200d23c2bbaedaf3daf5132\kotlin-reflect-1.6.10.jar;C:\Users\debso\.gradle\caches\modules-2\files-2.1\org.jetbrains.kotlin\kotlin-daemon-embeddable\1.8.0\d255216c551685dc3a7e852b53617f5f01aaaa5c\kotlin-daemon-embeddable-1.8.0.jar;C:\Users\debso\.gradle\caches\modules-2\files-2.1\org.jetbrains.intellij.deps\trove4j\1.0.20200330\3afb14d5f9ceb459d724e907a21145e8ff394f02\trove4j-1.0.20200330.jar;C:\Users\debso\.gradle\caches\modules-2\files-2.1\net.java.dev.jna\jna\5.6.0\330f2244e9030119ab3030fc3fededc86713d9cc\jna-5.6.0.jar;C:\Users\debso\.gradle\caches\modules-2\files-2.1\org.jetbrains.kotlin\kotlin-stdlib-common\1.8.0\f7197e7cc76453ac59f8b0f8d5137cc600becd36\kotlin-stdlib-common-1.8.0.jar;C:\Users\debso\.gradle\caches\modules-2\files-2.1\org.jetbrains\annotations\13.0\919f0dfe192fb4e063e7dacadee7f8bb9a2672a9\annotations-13.0.jar
Launcher Type: SUN_STANDARD

[Global flags]
     intx CICompilerCount                          = 4                                         {product} {ergonomic}
     uint ConcGCThreads                            = 2                                         {product} {ergonomic}
     uint G1ConcRefinementThreads                  = 8                                         {product} {ergonomic}
   size_t G1HeapRegionSize                         = 2097152                                   {product} {ergonomic}
    uintx GCDrainStackTargetSize                   = 64                                        {product} {ergonomic}
   size_t InitialHeapSize                          = 264241152                                 {product} {ergonomic}
   size_t MarkStackSize                            = 4194304                                   {product} {ergonomic}
   size_t MaxHeapSize                              = 4227858432                                {product} {ergonomic}
   size_t MaxNewSize                               = 2535456768                                {product} {ergonomic}
   size_t MinHeapDeltaBytes                        = 2097152                                   {product} {ergonomic}
   size_t MinHeapSize                              = 8388608                                   {product} {ergonomic}
    uintx NonNMethodCodeHeapSize                   = 5839372                                {pd product} {ergonomic}
    uintx NonProfiledCodeHeapSize                  = 122909434                              {pd product} {ergonomic}
    uintx ProfiledCodeHeapSize                     = 122909434                              {pd product} {ergonomic}
    uintx ReservedCodeCacheSize                    = 251658240                              {pd product} {ergonomic}
     bool SegmentedCodeCache                       = true                                      {product} {ergonomic}
   size_t SoftMaxHeapSize                          = 4227858432                             {manageable} {ergonomic}
     bool UseCompressedClassPointers               = true                           {product lp64_product} {ergonomic}
     bool UseCompressedOops                        = true                           {product lp64_product} {ergonomic}
     bool UseG1GC                                  = true                                      {product} {ergonomic}
     bool UseLargePagesIndividualAllocation        = false                                  {pd product} {ergonomic}

Logging:
Log output configuration:
 #0: stdout all=warning uptime,level,tags
 #1: stderr all=off uptime,level,tags

Environment Variables:
JAVA_HOME=C:\Program Files\Microsoft\jdk-17.0.10.7-hotspot\
PATH=C:\Users\debso\bin;C:\Program Files\Git\mingw64\bin;C:\Program Files\Git\usr\local\bin;C:\Program Files\Git\usr\bin;C:\Program Files\Git\usr\bin;C:\Program Files\Git\mingw64\bin;C:\Program Files\Git\usr\bin;C:\Users\debso\bin;C:\Program Files\Microsoft\jdk-17.0.10.7-hotspot\bin;C:\Program Files\Common Files\Oracle\Java\javapath;C:\WINDOWS\system32;C:\WINDOWS;C:\WINDOWS\System32\Wbem;C:\WINDOWS\System32\WindowsPowerShell\v1.0;C:\WINDOWS\System32\OpenSSH;C:\Program Files\Git\cmd;C:\WINDOWS\system32\config\systemprofile\AppData\Roaming\npm;C:\Program Files\Java\jdk-21\bin;C:\Users\debso\AppData\Local\Microsoft\WindowsApps\Microsoft.DesktopAppInstaller_8wekyb3d8bbwe;C:\Users\debso\AppData\Roaming\npm;C:\Program Files\MATLAB\R2023a\runtime\win64;C:\Program Files\MATLAB\R2023a\bin;C:\Program Files\Docker\Docker\resources\bin;C:\ProgramData\chocolatey\bin;C:\Program Files\nodejs;C:\Users\debso\AppData\Local\Android\Sdk;C:\Users\debso\AppData\Local\Android\Sdk\platform-tools;C:\Users\debso\AppData\Local\Android\Sdk\emulator;C:\Users\debso\.console-ninja\.bin;C:\Users\debso\Downloads\stripe_1.17.2_windows_x86_64;C:\Users\debso\Downloads\stripe_1.17.2_windows_x86_64\Scripts;C:\Users\debso\AppData\Local\Programs\Microsoft VS Code\bin;C:\Users\debso\AppData\Local\Programs\oh-my-posh\bin;C:\Users\debso\Downloads\ffmpeg\bin;C:\Users\debso\AppData\Roaming\npm;C:\Users\debso\AppData\Local\Android\Sdk\platform-tools;C:\Users\debso\AppData\Local\Android\Sdk;C:\Users\debso\AppData\Local\Android\Sdk\emulator;C:\Program Files\Git\usr\bin\vendor_perl;C:\Program Files\Git\usr\bin\core_perl
USERNAME=debso
SHELL=C:\Program Files\Git\usr\bin\bash.exe
DISPLAY=needs-to-be-defined
LANG=en_US.UTF-8
TERM=xterm-256color
TMPDIR=C:\Users\debso\AppData\Local\Temp
OS=Windows_NT
PROCESSOR_IDENTIFIER=Intel64 Family 6 Model 126 Stepping 5, GenuineIntel
TMP=C:\Users\debso\AppData\Local\Temp
TEMP=C:\Users\debso\AppData\Local\Temp



Periodic native trim disabled


---------------  S Y S T E M  ---------------

OS:
 Windows 11 , 64 bit Build 22621 (10.0.22621.2506)
OS uptime: 0 days 1:28 hours
Hyper-V role detected

CPU: total 8 (initial active 8) (4 cores per cpu, 2 threads per core) family 6 model 126 stepping 5 microcode 0xa6, cx8, cmov, fxsr, ht, mmx, 3dnowpref, sse, sse2, sse3, ssse3, sse4.1, sse4.2, popcnt, lzcnt, tsc, tscinvbit, avx, avx2, aes, erms, clmul, bmi1, bmi2, adx, avx512f, avx512dq, avx512cd, avx512bw, avx512vl, sha, fma, vzeroupper, avx512_vpopcntdq, avx512_vpclmulqdq, avx512_vaes, avx512_vnni, clflush, clflushopt, avx512_vbmi2, avx512_vbmi, hv
Processor Information for all 8 processors :
  Max Mhz: 1501, Current Mhz: 1300, Mhz Limit: 1290

Memory: 4k page, system-wide physical 16122M (582M free)
TotalPageFile size 16122M (AvailPageFile size 4M)
current process WorkingSet (physical memory assigned to process): 305M, peak: 316M
current process commit charge ("private bytes"): 346M, peak: 401M

vm_info: OpenJDK 64-Bit Server VM (17.0.10+7-LTS) for windows-amd64 JRE (17.0.10+7-LTS), built on Jan 10 2024 19:47:12 by "MicrosoftCorporation" with MS VC++ 16.10 / 16.11 (VS2019)

END.
